Loading required package: ggplot2

Attaching package: ‘plotly’

The following object is masked from ‘package:ggplot2’:

    last_plot

The following object is masked from ‘package:stats’:

    filter

The following object is masked from ‘package:graphics’:

    layout

Registered S3 methods overwritten by 'qdap':
  method               from
  t.DocumentTermMatrix tm  
  t.TermDocumentMatrix tm  

Listening on http://127.0.0.1:42271
Warning: Error in &&: invalid 'x' type in 'x && y'
  123: <reactive>
  107: df
  102: exprFunc
  101: widgetFunc
  100: func
   87: origRenderFunc
   86: renderFunc
   82: origRenderFunc
   81: output$mapByReviewType-sourceDT
    1: runApp
Warning: Error in if: argument is of length zero
  126: <reactive>
  110: pivotDf
  102: exprFunc
  101: widgetFunc
  100: func
   87: origRenderFunc
   86: renderFunc
   82: origRenderFunc
   81: output$mapByReviewType-pivotDT
    1: runApp
Warning: Error in [.data.frame: undefined columns selected
  130: stop
  129: [.data.frame
  126: <reactive>
  110: pivotDf
  102: exprFunc
  101: widgetFunc
  100: func
   87: origRenderFunc
   86: renderFunc
   82: origRenderFunc
   81: output$mapByReviewType-pivotDT
    1: runApp
Warning: Can't display both discrete & non-discrete data on same axis
Warning: 'bar' objects don't have these attributes: 'line'
Valid attributes include:
'type', 'visible', 'showlegend', 'legendgroup', 'opacity', 'name', 'uid', 'ids', 'customdata', 'meta', 'selectedpoints', 'hoverinfo', 'hoverlabel', 'stream', 'transforms', 'uirevision', 'x', 'x0', 'dx', 'y', 'y0', 'dy', 'text', 'hovertext', 'hovertemplate', 'textposition', 'insidetextanchor', 'textangle', 'textfont', 'insidetextfont', 'outsidetextfont', 'constraintext', 'cliponaxis', 'orientation', 'base', 'offset', 'width', 'marker', 'offsetgroup', 'alignmentgroup', 'selected', 'unselected', 'r', 't', '_deprecated', 'error_x', 'error_y', 'xcalendar', 'ycalendar', 'xaxis', 'yaxis', 'idssrc', 'customdatasrc', 'metasrc', 'hoverinfosrc', 'xsrc', 'ysrc', 'textsrc', 'hovertextsrc', 'hovertemplatesrc', 'textpositionsrc', 'basesrc', 'offsetsrc', 'widthsrc', 'rsrc', 'tsrc', 'key', 'set', 'frame', 'transforms', '_isNestedKey', '_isSimpleKey', '_isGraticule', '_bbox'

Warning: 'bar' objects don't have these attributes: 'line'
Valid attributes include:
'type', 'visible', 'showlegend', 'legendgroup', 'opacity', 'name', 'uid', 'ids', 'customdata', 'meta', 'selectedpoints', 'hoverinfo', 'hoverlabel', 'stream', 'transforms', 'uirevision', 'x', 'x0', 'dx', 'y', 'y0', 'dy', 'text', 'hovertext', 'hovertemplate', 'textposition', 'insidetextanchor', 'textangle', 'textfont', 'insidetextfont', 'outsidetextfont', 'constraintext', 'cliponaxis', 'orientation', 'base', 'offset', 'width', 'marker', 'offsetgroup', 'alignmentgroup', 'selected', 'unselected', 'r', 't', '_deprecated', 'error_x', 'error_y', 'xcalendar', 'ycalendar', 'xaxis', 'yaxis', 'idssrc', 'customdatasrc', 'metasrc', 'hoverinfosrc', 'xsrc', 'ysrc', 'textsrc', 'hovertextsrc', 'hovertemplatesrc', 'textpositionsrc', 'basesrc', 'offsetsrc', 'widthsrc', 'rsrc', 'tsrc', 'key', 'set', 'frame', 'transforms', '_isNestedKey', '_isSimpleKey', '_isGraticule', '_bbox'

Warning: 'bar' objects don't have these attributes: 'line'
Valid attributes include:
'type', 'visible', 'showlegend', 'legendgroup', 'opacity', 'name', 'uid', 'ids', 'customdata', 'meta', 'selectedpoints', 'hoverinfo', 'hoverlabel', 'stream', 'transforms', 'uirevision', 'x', 'x0', 'dx', 'y', 'y0', 'dy', 'text', 'hovertext', 'hovertemplate', 'textposition', 'insidetextanchor', 'textangle', 'textfont', 'insidetextfont', 'outsidetextfont', 'constraintext', 'cliponaxis', 'orientation', 'base', 'offset', 'width', 'marker', 'offsetgroup', 'alignmentgroup', 'selected', 'unselected', 'r', 't', '_deprecated', 'error_x', 'error_y', 'xcalendar', 'ycalendar', 'xaxis', 'yaxis', 'idssrc', 'customdatasrc', 'metasrc', 'hoverinfosrc', 'xsrc', 'ysrc', 'textsrc', 'hovertextsrc', 'hovertemplatesrc', 'textpositionsrc', 'basesrc', 'offsetsrc', 'widthsrc', 'rsrc', 'tsrc', 'key', 'set', 'frame', 'transforms', '_isNestedKey', '_isSimpleKey', '_isGraticule', '_bbox'

Warning: 'bar' objects don't have these attributes: 'line'
Valid attributes include:
'type', 'visible', 'showlegend', 'legendgroup', 'opacity', 'name', 'uid', 'ids', 'customdata', 'meta', 'selectedpoints', 'hoverinfo', 'hoverlabel', 'stream', 'transforms', 'uirevision', 'x', 'x0', 'dx', 'y', 'y0', 'dy', 'text', 'hovertext', 'hovertemplate', 'textposition', 'insidetextanchor', 'textangle', 'textfont', 'insidetextfont', 'outsidetextfont', 'constraintext', 'cliponaxis', 'orientation', 'base', 'offset', 'width', 'marker', 'offsetgroup', 'alignmentgroup', 'selected', 'unselected', 'r', 't', '_deprecated', 'error_x', 'error_y', 'xcalendar', 'ycalendar', 'xaxis', 'yaxis', 'idssrc', 'customdatasrc', 'metasrc', 'hoverinfosrc', 'xsrc', 'ysrc', 'textsrc', 'hovertextsrc', 'hovertemplatesrc', 'textpositionsrc', 'basesrc', 'offsetsrc', 'widthsrc', 'rsrc', 'tsrc', 'key', 'set', 'frame', 'transforms', '_isNestedKey', '_isSimpleKey', '_isGraticule', '_bbox'

Warning: 'bar' objects don't have these attributes: 'line'
Valid attributes include:
'type', 'visible', 'showlegend', 'legendgroup', 'opacity', 'name', 'uid', 'ids', 'customdata', 'meta', 'selectedpoints', 'hoverinfo', 'hoverlabel', 'stream', 'transforms', 'uirevision', 'x', 'x0', 'dx', 'y', 'y0', 'dy', 'text', 'hovertext', 'hovertemplate', 'textposition', 'insidetextanchor', 'textangle', 'textfont', 'insidetextfont', 'outsidetextfont', 'constraintext', 'cliponaxis', 'orientation', 'base', 'offset', 'width', 'marker', 'offsetgroup', 'alignmentgroup', 'selected', 'unselected', 'r', 't', '_deprecated', 'error_x', 'error_y', 'xcalendar', 'ycalendar', 'xaxis', 'yaxis', 'idssrc', 'customdatasrc', 'metasrc', 'hoverinfosrc', 'xsrc', 'ysrc', 'textsrc', 'hovertextsrc', 'hovertemplatesrc', 'textpositionsrc', 'basesrc', 'offsetsrc', 'widthsrc', 'rsrc', 'tsrc', 'key', 'set', 'frame', 'transforms', '_isNestedKey', '_isSimpleKey', '_isGraticule', '_bbox'

Warning: 'bar' objects don't have these attributes: 'line'
Valid attributes include:
'type', 'visible', 'showlegend', 'legendgroup', 'opacity', 'name', 'uid', 'ids', 'customdata', 'meta', 'selectedpoints', 'hoverinfo', 'hoverlabel', 'stream', 'transforms', 'uirevision', 'x', 'x0', 'dx', 'y', 'y0', 'dy', 'text', 'hovertext', 'hovertemplate', 'textposition', 'insidetextanchor', 'textangle', 'textfont', 'insidetextfont', 'outsidetextfont', 'constraintext', 'cliponaxis', 'orientation', 'base', 'offset', 'width', 'marker', 'offsetgroup', 'alignmentgroup', 'selected', 'unselected', 'r', 't', '_deprecated', 'error_x', 'error_y', 'xcalendar', 'ycalendar', 'xaxis', 'yaxis', 'idssrc', 'customdatasrc', 'metasrc', 'hoverinfosrc', 'xsrc', 'ysrc', 'textsrc', 'hovertextsrc', 'hovertemplatesrc', 'textpositionsrc', 'basesrc', 'offsetsrc', 'widthsrc', 'rsrc', 'tsrc', 'key', 'set', 'frame', 'transforms', '_isNestedKey', '_isSimpleKey', '_isGraticule', '_bbox'

Warning: Can't display both discrete & non-discrete data on same axis
Warning: 'bar' objects don't have these attributes: 'line'
Valid attributes include:
'type', 'visible', 'showlegend', 'legendgroup', 'opacity', 'name', 'uid', 'ids', 'customdata', 'meta', 'selectedpoints', 'hoverinfo', 'hoverlabel', 'stream', 'transforms', 'uirevision', 'x', 'x0', 'dx', 'y', 'y0', 'dy', 'text', 'hovertext', 'hovertemplate', 'textposition', 'insidetextanchor', 'textangle', 'textfont', 'insidetextfont', 'outsidetextfont', 'constraintext', 'cliponaxis', 'orientation', 'base', 'offset', 'width', 'marker', 'offsetgroup', 'alignmentgroup', 'selected', 'unselected', 'r', 't', '_deprecated', 'error_x', 'error_y', 'xcalendar', 'ycalendar', 'xaxis', 'yaxis', 'idssrc', 'customdatasrc', 'metasrc', 'hoverinfosrc', 'xsrc', 'ysrc', 'textsrc', 'hovertextsrc', 'hovertemplatesrc', 'textpositionsrc', 'basesrc', 'offsetsrc', 'widthsrc', 'rsrc', 'tsrc', 'key', 'set', 'frame', 'transforms', '_isNestedKey', '_isSimpleKey', '_isGraticule', '_bbox'

Warning: 'bar' objects don't have these attributes: 'line'
Valid attributes include:
'type', 'visible', 'showlegend', 'legendgroup', 'opacity', 'name', 'uid', 'ids', 'customdata', 'meta', 'selectedpoints', 'hoverinfo', 'hoverlabel', 'stream', 'transforms', 'uirevision', 'x', 'x0', 'dx', 'y', 'y0', 'dy', 'text', 'hovertext', 'hovertemplate', 'textposition', 'insidetextanchor', 'textangle', 'textfont', 'insidetextfont', 'outsidetextfont', 'constraintext', 'cliponaxis', 'orientation', 'base', 'offset', 'width', 'marker', 'offsetgroup', 'alignmentgroup', 'selected', 'unselected', 'r', 't', '_deprecated', 'error_x', 'error_y', 'xcalendar', 'ycalendar', 'xaxis', 'yaxis', 'idssrc', 'customdatasrc', 'metasrc', 'hoverinfosrc', 'xsrc', 'ysrc', 'textsrc', 'hovertextsrc', 'hovertemplatesrc', 'textpositionsrc', 'basesrc', 'offsetsrc', 'widthsrc', 'rsrc', 'tsrc', 'key', 'set', 'frame', 'transforms', '_isNestedKey', '_isSimpleKey', '_isGraticule', '_bbox'

Warning: 'bar' objects don't have these attributes: 'line'
Valid attributes include:
'type', 'visible', 'showlegend', 'legendgroup', 'opacity', 'name', 'uid', 'ids', 'customdata', 'meta', 'selectedpoints', 'hoverinfo', 'hoverlabel', 'stream', 'transforms', 'uirevision', 'x', 'x0', 'dx', 'y', 'y0', 'dy', 'text', 'hovertext', 'hovertemplate', 'textposition', 'insidetextanchor', 'textangle', 'textfont', 'insidetextfont', 'outsidetextfont', 'constraintext', 'cliponaxis', 'orientation', 'base', 'offset', 'width', 'marker', 'offsetgroup', 'alignmentgroup', 'selected', 'unselected', 'r', 't', '_deprecated', 'error_x', 'error_y', 'xcalendar', 'ycalendar', 'xaxis', 'yaxis', 'idssrc', 'customdatasrc', 'metasrc', 'hoverinfosrc', 'xsrc', 'ysrc', 'textsrc', 'hovertextsrc', 'hovertemplatesrc', 'textpositionsrc', 'basesrc', 'offsetsrc', 'widthsrc', 'rsrc', 'tsrc', 'key', 'set', 'frame', 'transforms', '_isNestedKey', '_isSimpleKey', '_isGraticule', '_bbox'

Warning: 'bar' objects don't have these attributes: 'line'
Valid attributes include:
'type', 'visible', 'showlegend', 'legendgroup', 'opacity', 'name', 'uid', 'ids', 'customdata', 'meta', 'selectedpoints', 'hoverinfo', 'hoverlabel', 'stream', 'transforms', 'uirevision', 'x', 'x0', 'dx', 'y', 'y0', 'dy', 'text', 'hovertext', 'hovertemplate', 'textposition', 'insidetextanchor', 'textangle', 'textfont', 'insidetextfont', 'outsidetextfont', 'constraintext', 'cliponaxis', 'orientation', 'base', 'offset', 'width', 'marker', 'offsetgroup', 'alignmentgroup', 'selected', 'unselected', 'r', 't', '_deprecated', 'error_x', 'error_y', 'xcalendar', 'ycalendar', 'xaxis', 'yaxis', 'idssrc', 'customdatasrc', 'metasrc', 'hoverinfosrc', 'xsrc', 'ysrc', 'textsrc', 'hovertextsrc', 'hovertemplatesrc', 'textpositionsrc', 'basesrc', 'offsetsrc', 'widthsrc', 'rsrc', 'tsrc', 'key', 'set', 'frame', 'transforms', '_isNestedKey', '_isSimpleKey', '_isGraticule', '_bbox'

Warning: 'bar' objects don't have these attributes: 'line'
Valid attributes include:
'type', 'visible', 'showlegend', 'legendgroup', 'opacity', 'name', 'uid', 'ids', 'customdata', 'meta', 'selectedpoints', 'hoverinfo', 'hoverlabel', 'stream', 'transforms', 'uirevision', 'x', 'x0', 'dx', 'y', 'y0', 'dy', 'text', 'hovertext', 'hovertemplate', 'textposition', 'insidetextanchor', 'textangle', 'textfont', 'insidetextfont', 'outsidetextfont', 'constraintext', 'cliponaxis', 'orientation', 'base', 'offset', 'width', 'marker', 'offsetgroup', 'alignmentgroup', 'selected', 'unselected', 'r', 't', '_deprecated', 'error_x', 'error_y', 'xcalendar', 'ycalendar', 'xaxis', 'yaxis', 'idssrc', 'customdatasrc', 'metasrc', 'hoverinfosrc', 'xsrc', 'ysrc', 'textsrc', 'hovertextsrc', 'hovertemplatesrc', 'textpositionsrc', 'basesrc', 'offsetsrc', 'widthsrc', 'rsrc', 'tsrc', 'key', 'set', 'frame', 'transforms', '_isNestedKey', '_isSimpleKey', '_isGraticule', '_bbox'

Warning: 'bar' objects don't have these attributes: 'line'
Valid attributes include:
'type', 'visible', 'showlegend', 'legendgroup', 'opacity', 'name', 'uid', 'ids', 'customdata', 'meta', 'selectedpoints', 'hoverinfo', 'hoverlabel', 'stream', 'transforms', 'uirevision', 'x', 'x0', 'dx', 'y', 'y0', 'dy', 'text', 'hovertext', 'hovertemplate', 'textposition', 'insidetextanchor', 'textangle', 'textfont', 'insidetextfont', 'outsidetextfont', 'constraintext', 'cliponaxis', 'orientation', 'base', 'offset', 'width', 'marker', 'offsetgroup', 'alignmentgroup', 'selected', 'unselected', 'r', 't', '_deprecated', 'error_x', 'error_y', 'xcalendar', 'ycalendar', 'xaxis', 'yaxis', 'idssrc', 'customdatasrc', 'metasrc', 'hoverinfosrc', 'xsrc', 'ysrc', 'textsrc', 'hovertextsrc', 'hovertemplatesrc', 'textpositionsrc', 'basesrc', 'offsetsrc', 'widthsrc', 'rsrc', 'tsrc', 'key', 'set', 'frame', 'transforms', '_isNestedKey', '_isSimpleKey', '_isGraticule', '_bbox'

Warning: Error in if: argument is of length zero
  119: <reactive>
  103: groupValues
   99: renderPlotly
   98: func
   95: func
   82: origRenderFunc
   81: output$mapByReviewType-plotlyChart
    1: runApp
Warning: Error in +: non-numeric argument to binary operator
  102: eval
  101: eval
  100: withProgress
   99: renderPlotly
   98: func
   95: func
   82: origRenderFunc
   81: output$mapByReviewType-plotlyChart
    1: runApp
Warning: Can't display both discrete & non-discrete data on same axis
Warning: 'bar' objects don't have these attributes: 'line'
Valid attributes include:
'type', 'visible', 'showlegend', 'legendgroup', 'opacity', 'name', 'uid', 'ids', 'customdata', 'meta', 'selectedpoints', 'hoverinfo', 'hoverlabel', 'stream', 'transforms', 'uirevision', 'x', 'x0', 'dx', 'y', 'y0', 'dy', 'text', 'hovertext', 'hovertemplate', 'textposition', 'insidetextanchor', 'textangle', 'textfont', 'insidetextfont', 'outsidetextfont', 'constraintext', 'cliponaxis', 'orientation', 'base', 'offset', 'width', 'marker', 'offsetgroup', 'alignmentgroup', 'selected', 'unselected', 'r', 't', '_deprecated', 'error_x', 'error_y', 'xcalendar', 'ycalendar', 'xaxis', 'yaxis', 'idssrc', 'customdatasrc', 'metasrc', 'hoverinfosrc', 'xsrc', 'ysrc', 'textsrc', 'hovertextsrc', 'hovertemplatesrc', 'textpositionsrc', 'basesrc', 'offsetsrc', 'widthsrc', 'rsrc', 'tsrc', 'key', 'set', 'frame', 'transforms', '_isNestedKey', '_isSimpleKey', '_isGraticule', '_bbox'

Warning: 'bar' objects don't have these attributes: 'line'
Valid attributes include:
'type', 'visible', 'showlegend', 'legendgroup', 'opacity', 'name', 'uid', 'ids', 'customdata', 'meta', 'selectedpoints', 'hoverinfo', 'hoverlabel', 'stream', 'transforms', 'uirevision', 'x', 'x0', 'dx', 'y', 'y0', 'dy', 'text', 'hovertext', 'hovertemplate', 'textposition', 'insidetextanchor', 'textangle', 'textfont', 'insidetextfont', 'outsidetextfont', 'constraintext', 'cliponaxis', 'orientation', 'base', 'offset', 'width', 'marker', 'offsetgroup', 'alignmentgroup', 'selected', 'unselected', 'r', 't', '_deprecated', 'error_x', 'error_y', 'xcalendar', 'ycalendar', 'xaxis', 'yaxis', 'idssrc', 'customdatasrc', 'metasrc', 'hoverinfosrc', 'xsrc', 'ysrc', 'textsrc', 'hovertextsrc', 'hovertemplatesrc', 'textpositionsrc', 'basesrc', 'offsetsrc', 'widthsrc', 'rsrc', 'tsrc', 'key', 'set', 'frame', 'transforms', '_isNestedKey', '_isSimpleKey', '_isGraticule', '_bbox'

Warning: 'bar' objects don't have these attributes: 'line'
Valid attributes include:
'type', 'visible', 'showlegend', 'legendgroup', 'opacity', 'name', 'uid', 'ids', 'customdata', 'meta', 'selectedpoints', 'hoverinfo', 'hoverlabel', 'stream', 'transforms', 'uirevision', 'x', 'x0', 'dx', 'y', 'y0', 'dy', 'text', 'hovertext', 'hovertemplate', 'textposition', 'insidetextanchor', 'textangle', 'textfont', 'insidetextfont', 'outsidetextfont', 'constraintext', 'cliponaxis', 'orientation', 'base', 'offset', 'width', 'marker', 'offsetgroup', 'alignmentgroup', 'selected', 'unselected', 'r', 't', '_deprecated', 'error_x', 'error_y', 'xcalendar', 'ycalendar', 'xaxis', 'yaxis', 'idssrc', 'customdatasrc', 'metasrc', 'hoverinfosrc', 'xsrc', 'ysrc', 'textsrc', 'hovertextsrc', 'hovertemplatesrc', 'textpositionsrc', 'basesrc', 'offsetsrc', 'widthsrc', 'rsrc', 'tsrc', 'key', 'set', 'frame', 'transforms', '_isNestedKey', '_isSimpleKey', '_isGraticule', '_bbox'

Warning: 'bar' objects don't have these attributes: 'line'
Valid attributes include:
'type', 'visible', 'showlegend', 'legendgroup', 'opacity', 'name', 'uid', 'ids', 'customdata', 'meta', 'selectedpoints', 'hoverinfo', 'hoverlabel', 'stream', 'transforms', 'uirevision', 'x', 'x0', 'dx', 'y', 'y0', 'dy', 'text', 'hovertext', 'hovertemplate', 'textposition', 'insidetextanchor', 'textangle', 'textfont', 'insidetextfont', 'outsidetextfont', 'constraintext', 'cliponaxis', 'orientation', 'base', 'offset', 'width', 'marker', 'offsetgroup', 'alignmentgroup', 'selected', 'unselected', 'r', 't', '_deprecated', 'error_x', 'error_y', 'xcalendar', 'ycalendar', 'xaxis', 'yaxis', 'idssrc', 'customdatasrc', 'metasrc', 'hoverinfosrc', 'xsrc', 'ysrc', 'textsrc', 'hovertextsrc', 'hovertemplatesrc', 'textpositionsrc', 'basesrc', 'offsetsrc', 'widthsrc', 'rsrc', 'tsrc', 'key', 'set', 'frame', 'transforms', '_isNestedKey', '_isSimpleKey', '_isGraticule', '_bbox'

Warning: 'bar' objects don't have these attributes: 'line'
Valid attributes include:
'type', 'visible', 'showlegend', 'legendgroup', 'opacity', 'name', 'uid', 'ids', 'customdata', 'meta', 'selectedpoints', 'hoverinfo', 'hoverlabel', 'stream', 'transforms', 'uirevision', 'x', 'x0', 'dx', 'y', 'y0', 'dy', 'text', 'hovertext', 'hovertemplate', 'textposition', 'insidetextanchor', 'textangle', 'textfont', 'insidetextfont', 'outsidetextfont', 'constraintext', 'cliponaxis', 'orientation', 'base', 'offset', 'width', 'marker', 'offsetgroup', 'alignmentgroup', 'selected', 'unselected', 'r', 't', '_deprecated', 'error_x', 'error_y', 'xcalendar', 'ycalendar', 'xaxis', 'yaxis', 'idssrc', 'customdatasrc', 'metasrc', 'hoverinfosrc', 'xsrc', 'ysrc', 'textsrc', 'hovertextsrc', 'hovertemplatesrc', 'textpositionsrc', 'basesrc', 'offsetsrc', 'widthsrc', 'rsrc', 'tsrc', 'key', 'set', 'frame', 'transforms', '_isNestedKey', '_isSimpleKey', '_isGraticule', '_bbox'

Warning: 'bar' objects don't have these attributes: 'line'
Valid attributes include:
'type', 'visible', 'showlegend', 'legendgroup', 'opacity', 'name', 'uid', 'ids', 'customdata', 'meta', 'selectedpoints', 'hoverinfo', 'hoverlabel', 'stream', 'transforms', 'uirevision', 'x', 'x0', 'dx', 'y', 'y0', 'dy', 'text', 'hovertext', 'hovertemplate', 'textposition', 'insidetextanchor', 'textangle', 'textfont', 'insidetextfont', 'outsidetextfont', 'constraintext', 'cliponaxis', 'orientation', 'base', 'offset', 'width', 'marker', 'offsetgroup', 'alignmentgroup', 'selected', 'unselected', 'r', 't', '_deprecated', 'error_x', 'error_y', 'xcalendar', 'ycalendar', 'xaxis', 'yaxis', 'idssrc', 'customdatasrc', 'metasrc', 'hoverinfosrc', 'xsrc', 'ysrc', 'textsrc', 'hovertextsrc', 'hovertemplatesrc', 'textpositionsrc', 'basesrc', 'offsetsrc', 'widthsrc', 'rsrc', 'tsrc', 'key', 'set', 'frame', 'transforms', '_isNestedKey', '_isSimpleKey', '_isGraticule', '_bbox'

Warning: Can't display both discrete & non-discrete data on same axis
Warning: 'bar' objects don't have these attributes: 'line'
Valid attributes include:
'type', 'visible', 'showlegend', 'legendgroup', 'opacity', 'name', 'uid', 'ids', 'customdata', 'meta', 'selectedpoints', 'hoverinfo', 'hoverlabel', 'stream', 'transforms', 'uirevision', 'x', 'x0', 'dx', 'y', 'y0', 'dy', 'text', 'hovertext', 'hovertemplate', 'textposition', 'insidetextanchor', 'textangle', 'textfont', 'insidetextfont', 'outsidetextfont', 'constraintext', 'cliponaxis', 'orientation', 'base', 'offset', 'width', 'marker', 'offsetgroup', 'alignmentgroup', 'selected', 'unselected', 'r', 't', '_deprecated', 'error_x', 'error_y', 'xcalendar', 'ycalendar', 'xaxis', 'yaxis', 'idssrc', 'customdatasrc', 'metasrc', 'hoverinfosrc', 'xsrc', 'ysrc', 'textsrc', 'hovertextsrc', 'hovertemplatesrc', 'textpositionsrc', 'basesrc', 'offsetsrc', 'widthsrc', 'rsrc', 'tsrc', 'key', 'set', 'frame', 'transforms', '_isNestedKey', '_isSimpleKey', '_isGraticule', '_bbox'

Warning: 'bar' objects don't have these attributes: 'line'
Valid attributes include:
'type', 'visible', 'showlegend', 'legendgroup', 'opacity', 'name', 'uid', 'ids', 'customdata', 'meta', 'selectedpoints', 'hoverinfo', 'hoverlabel', 'stream', 'transforms', 'uirevision', 'x', 'x0', 'dx', 'y', 'y0', 'dy', 'text', 'hovertext', 'hovertemplate', 'textposition', 'insidetextanchor', 'textangle', 'textfont', 'insidetextfont', 'outsidetextfont', 'constraintext', 'cliponaxis', 'orientation', 'base', 'offset', 'width', 'marker', 'offsetgroup', 'alignmentgroup', 'selected', 'unselected', 'r', 't', '_deprecated', 'error_x', 'error_y', 'xcalendar', 'ycalendar', 'xaxis', 'yaxis', 'idssrc', 'customdatasrc', 'metasrc', 'hoverinfosrc', 'xsrc', 'ysrc', 'textsrc', 'hovertextsrc', 'hovertemplatesrc', 'textpositionsrc', 'basesrc', 'offsetsrc', 'widthsrc', 'rsrc', 'tsrc', 'key', 'set', 'frame', 'transforms', '_isNestedKey', '_isSimpleKey', '_isGraticule', '_bbox'

Warning: 'bar' objects don't have these attributes: 'line'
Valid attributes include:
'type', 'visible', 'showlegend', 'legendgroup', 'opacity', 'name', 'uid', 'ids', 'customdata', 'meta', 'selectedpoints', 'hoverinfo', 'hoverlabel', 'stream', 'transforms', 'uirevision', 'x', 'x0', 'dx', 'y', 'y0', 'dy', 'text', 'hovertext', 'hovertemplate', 'textposition', 'insidetextanchor', 'textangle', 'textfont', 'insidetextfont', 'outsidetextfont', 'constraintext', 'cliponaxis', 'orientation', 'base', 'offset', 'width', 'marker', 'offsetgroup', 'alignmentgroup', 'selected', 'unselected', 'r', 't', '_deprecated', 'error_x', 'error_y', 'xcalendar', 'ycalendar', 'xaxis', 'yaxis', 'idssrc', 'customdatasrc', 'metasrc', 'hoverinfosrc', 'xsrc', 'ysrc', 'textsrc', 'hovertextsrc', 'hovertemplatesrc', 'textpositionsrc', 'basesrc', 'offsetsrc', 'widthsrc', 'rsrc', 'tsrc', 'key', 'set', 'frame', 'transforms', '_isNestedKey', '_isSimpleKey', '_isGraticule', '_bbox'

Warning: 'bar' objects don't have these attributes: 'line'
Valid attributes include:
'type', 'visible', 'showlegend', 'legendgroup', 'opacity', 'name', 'uid', 'ids', 'customdata', 'meta', 'selectedpoints', 'hoverinfo', 'hoverlabel', 'stream', 'transforms', 'uirevision', 'x', 'x0', 'dx', 'y', 'y0', 'dy', 'text', 'hovertext', 'hovertemplate', 'textposition', 'insidetextanchor', 'textangle', 'textfont', 'insidetextfont', 'outsidetextfont', 'constraintext', 'cliponaxis', 'orientation', 'base', 'offset', 'width', 'marker', 'offsetgroup', 'alignmentgroup', 'selected', 'unselected', 'r', 't', '_deprecated', 'error_x', 'error_y', 'xcalendar', 'ycalendar', 'xaxis', 'yaxis', 'idssrc', 'customdatasrc', 'metasrc', 'hoverinfosrc', 'xsrc', 'ysrc', 'textsrc', 'hovertextsrc', 'hovertemplatesrc', 'textpositionsrc', 'basesrc', 'offsetsrc', 'widthsrc', 'rsrc', 'tsrc', 'key', 'set', 'frame', 'transforms', '_isNestedKey', '_isSimpleKey', '_isGraticule', '_bbox'

Warning: 'bar' objects don't have these attributes: 'line'
Valid attributes include:
'type', 'visible', 'showlegend', 'legendgroup', 'opacity', 'name', 'uid', 'ids', 'customdata', 'meta', 'selectedpoints', 'hoverinfo', 'hoverlabel', 'stream', 'transforms', 'uirevision', 'x', 'x0', 'dx', 'y', 'y0', 'dy', 'text', 'hovertext', 'hovertemplate', 'textposition', 'insidetextanchor', 'textangle', 'textfont', 'insidetextfont', 'outsidetextfont', 'constraintext', 'cliponaxis', 'orientation', 'base', 'offset', 'width', 'marker', 'offsetgroup', 'alignmentgroup', 'selected', 'unselected', 'r', 't', '_deprecated', 'error_x', 'error_y', 'xcalendar', 'ycalendar', 'xaxis', 'yaxis', 'idssrc', 'customdatasrc', 'metasrc', 'hoverinfosrc', 'xsrc', 'ysrc', 'textsrc', 'hovertextsrc', 'hovertemplatesrc', 'textpositionsrc', 'basesrc', 'offsetsrc', 'widthsrc', 'rsrc', 'tsrc', 'key', 'set', 'frame', 'transforms', '_isNestedKey', '_isSimpleKey', '_isGraticule', '_bbox'

Warning: 'bar' objects don't have these attributes: 'line'
Valid attributes include:
'type', 'visible', 'showlegend', 'legendgroup', 'opacity', 'name', 'uid', 'ids', 'customdata', 'meta', 'selectedpoints', 'hoverinfo', 'hoverlabel', 'stream', 'transforms', 'uirevision', 'x', 'x0', 'dx', 'y', 'y0', 'dy', 'text', 'hovertext', 'hovertemplate', 'textposition', 'insidetextanchor', 'textangle', 'textfont', 'insidetextfont', 'outsidetextfont', 'constraintext', 'cliponaxis', 'orientation', 'base', 'offset', 'width', 'marker', 'offsetgroup', 'alignmentgroup', 'selected', 'unselected', 'r', 't', '_deprecated', 'error_x', 'error_y', 'xcalendar', 'ycalendar', 'xaxis', 'yaxis', 'idssrc', 'customdatasrc', 'metasrc', 'hoverinfosrc', 'xsrc', 'ysrc', 'textsrc', 'hovertextsrc', 'hovertemplatesrc', 'textpositionsrc', 'basesrc', 'offsetsrc', 'widthsrc', 'rsrc', 'tsrc', 'key', 'set', 'frame', 'transforms', '_isNestedKey', '_isSimpleKey', '_isGraticule', '_bbox'

Warning: Can't display both discrete & non-discrete data on same axis
Warning: 'bar' objects don't have these attributes: 'line'
Valid attributes include:
'type', 'visible', 'showlegend', 'legendgroup', 'opacity', 'name', 'uid', 'ids', 'customdata', 'meta', 'selectedpoints', 'hoverinfo', 'hoverlabel', 'stream', 'transforms', 'uirevision', 'x', 'x0', 'dx', 'y', 'y0', 'dy', 'text', 'hovertext', 'hovertemplate', 'textposition', 'insidetextanchor', 'textangle', 'textfont', 'insidetextfont', 'outsidetextfont', 'constraintext', 'cliponaxis', 'orientation', 'base', 'offset', 'width', 'marker', 'offsetgroup', 'alignmentgroup', 'selected', 'unselected', 'r', 't', '_deprecated', 'error_x', 'error_y', 'xcalendar', 'ycalendar', 'xaxis', 'yaxis', 'idssrc', 'customdatasrc', 'metasrc', 'hoverinfosrc', 'xsrc', 'ysrc', 'textsrc', 'hovertextsrc', 'hovertemplatesrc', 'textpositionsrc', 'basesrc', 'offsetsrc', 'widthsrc', 'rsrc', 'tsrc', 'key', 'set', 'frame', 'transforms', '_isNestedKey', '_isSimpleKey', '_isGraticule', '_bbox'

Warning: 'bar' objects don't have these attributes: 'line'
Valid attributes include:
'type', 'visible', 'showlegend', 'legendgroup', 'opacity', 'name', 'uid', 'ids', 'customdata', 'meta', 'selectedpoints', 'hoverinfo', 'hoverlabel', 'stream', 'transforms', 'uirevision', 'x', 'x0', 'dx', 'y', 'y0', 'dy', 'text', 'hovertext', 'hovertemplate', 'textposition', 'insidetextanchor', 'textangle', 'textfont', 'insidetextfont', 'outsidetextfont', 'constraintext', 'cliponaxis', 'orientation', 'base', 'offset', 'width', 'marker', 'offsetgroup', 'alignmentgroup', 'selected', 'unselected', 'r', 't', '_deprecated', 'error_x', 'error_y', 'xcalendar', 'ycalendar', 'xaxis', 'yaxis', 'idssrc', 'customdatasrc', 'metasrc', 'hoverinfosrc', 'xsrc', 'ysrc', 'textsrc', 'hovertextsrc', 'hovertemplatesrc', 'textpositionsrc', 'basesrc', 'offsetsrc', 'widthsrc', 'rsrc', 'tsrc', 'key', 'set', 'frame', 'transforms', '_isNestedKey', '_isSimpleKey', '_isGraticule', '_bbox'

Warning: 'bar' objects don't have these attributes: 'line'
Valid attributes include:
'type', 'visible', 'showlegend', 'legendgroup', 'opacity', 'name', 'uid', 'ids', 'customdata', 'meta', 'selectedpoints', 'hoverinfo', 'hoverlabel', 'stream', 'transforms', 'uirevision', 'x', 'x0', 'dx', 'y', 'y0', 'dy', 'text', 'hovertext', 'hovertemplate', 'textposition', 'insidetextanchor', 'textangle', 'textfont', 'insidetextfont', 'outsidetextfont', 'constraintext', 'cliponaxis', 'orientation', 'base', 'offset', 'width', 'marker', 'offsetgroup', 'alignmentgroup', 'selected', 'unselected', 'r', 't', '_deprecated', 'error_x', 'error_y', 'xcalendar', 'ycalendar', 'xaxis', 'yaxis', 'idssrc', 'customdatasrc', 'metasrc', 'hoverinfosrc', 'xsrc', 'ysrc', 'textsrc', 'hovertextsrc', 'hovertemplatesrc', 'textpositionsrc', 'basesrc', 'offsetsrc', 'widthsrc', 'rsrc', 'tsrc', 'key', 'set', 'frame', 'transforms', '_isNestedKey', '_isSimpleKey', '_isGraticule', '_bbox'

Warning: 'bar' objects don't have these attributes: 'line'
Valid attributes include:
'type', 'visible', 'showlegend', 'legendgroup', 'opacity', 'name', 'uid', 'ids', 'customdata', 'meta', 'selectedpoints', 'hoverinfo', 'hoverlabel', 'stream', 'transforms', 'uirevision', 'x', 'x0', 'dx', 'y', 'y0', 'dy', 'text', 'hovertext', 'hovertemplate', 'textposition', 'insidetextanchor', 'textangle', 'textfont', 'insidetextfont', 'outsidetextfont', 'constraintext', 'cliponaxis', 'orientation', 'base', 'offset', 'width', 'marker', 'offsetgroup', 'alignmentgroup', 'selected', 'unselected', 'r', 't', '_deprecated', 'error_x', 'error_y', 'xcalendar', 'ycalendar', 'xaxis', 'yaxis', 'idssrc', 'customdatasrc', 'metasrc', 'hoverinfosrc', 'xsrc', 'ysrc', 'textsrc', 'hovertextsrc', 'hovertemplatesrc', 'textpositionsrc', 'basesrc', 'offsetsrc', 'widthsrc', 'rsrc', 'tsrc', 'key', 'set', 'frame', 'transforms', '_isNestedKey', '_isSimpleKey', '_isGraticule', '_bbox'

Warning: 'bar' objects don't have these attributes: 'line'
Valid attributes include:
'type', 'visible', 'showlegend', 'legendgroup', 'opacity', 'name', 'uid', 'ids', 'customdata', 'meta', 'selectedpoints', 'hoverinfo', 'hoverlabel', 'stream', 'transforms', 'uirevision', 'x', 'x0', 'dx', 'y', 'y0', 'dy', 'text', 'hovertext', 'hovertemplate', 'textposition', 'insidetextanchor', 'textangle', 'textfont', 'insidetextfont', 'outsidetextfont', 'constraintext', 'cliponaxis', 'orientation', 'base', 'offset', 'width', 'marker', 'offsetgroup', 'alignmentgroup', 'selected', 'unselected', 'r', 't', '_deprecated', 'error_x', 'error_y', 'xcalendar', 'ycalendar', 'xaxis', 'yaxis', 'idssrc', 'customdatasrc', 'metasrc', 'hoverinfosrc', 'xsrc', 'ysrc', 'textsrc', 'hovertextsrc', 'hovertemplatesrc', 'textpositionsrc', 'basesrc', 'offsetsrc', 'widthsrc', 'rsrc', 'tsrc', 'key', 'set', 'frame', 'transforms', '_isNestedKey', '_isSimpleKey', '_isGraticule', '_bbox'

Warning: 'bar' objects don't have these attributes: 'line'
Valid attributes include:
'type', 'visible', 'showlegend', 'legendgroup', 'opacity', 'name', 'uid', 'ids', 'customdata', 'meta', 'selectedpoints', 'hoverinfo', 'hoverlabel', 'stream', 'transforms', 'uirevision', 'x', 'x0', 'dx', 'y', 'y0', 'dy', 'text', 'hovertext', 'hovertemplate', 'textposition', 'insidetextanchor', 'textangle', 'textfont', 'insidetextfont', 'outsidetextfont', 'constraintext', 'cliponaxis', 'orientation', 'base', 'offset', 'width', 'marker', 'offsetgroup', 'alignmentgroup', 'selected', 'unselected', 'r', 't', '_deprecated', 'error_x', 'error_y', 'xcalendar', 'ycalendar', 'xaxis', 'yaxis', 'idssrc', 'customdatasrc', 'metasrc', 'hoverinfosrc', 'xsrc', 'ysrc', 'textsrc', 'hovertextsrc', 'hovertemplatesrc', 'textpositionsrc', 'basesrc', 'offsetsrc', 'widthsrc', 'rsrc', 'tsrc', 'key', 'set', 'frame', 'transforms', '_isNestedKey', '_isSimpleKey', '_isGraticule', '_bbox'

Warning: Can't display both discrete & non-discrete data on same axis
Warning: 'bar' objects don't have these attributes: 'line'
Valid attributes include:
'type', 'visible', 'showlegend', 'legendgroup', 'opacity', 'name', 'uid', 'ids', 'customdata', 'meta', 'selectedpoints', 'hoverinfo', 'hoverlabel', 'stream', 'transforms', 'uirevision', 'x', 'x0', 'dx', 'y', 'y0', 'dy', 'text', 'hovertext', 'hovertemplate', 'textposition', 'insidetextanchor', 'textangle', 'textfont', 'insidetextfont', 'outsidetextfont', 'constraintext', 'cliponaxis', 'orientation', 'base', 'offset', 'width', 'marker', 'offsetgroup', 'alignmentgroup', 'selected', 'unselected', 'r', 't', '_deprecated', 'error_x', 'error_y', 'xcalendar', 'ycalendar', 'xaxis', 'yaxis', 'idssrc', 'customdatasrc', 'metasrc', 'hoverinfosrc', 'xsrc', 'ysrc', 'textsrc', 'hovertextsrc', 'hovertemplatesrc', 'textpositionsrc', 'basesrc', 'offsetsrc', 'widthsrc', 'rsrc', 'tsrc', 'key', 'set', 'frame', 'transforms', '_isNestedKey', '_isSimpleKey', '_isGraticule', '_bbox'

Warning: 'bar' objects don't have these attributes: 'line'
Valid attributes include:
'type', 'visible', 'showlegend', 'legendgroup', 'opacity', 'name', 'uid', 'ids', 'customdata', 'meta', 'selectedpoints', 'hoverinfo', 'hoverlabel', 'stream', 'transforms', 'uirevision', 'x', 'x0', 'dx', 'y', 'y0', 'dy', 'text', 'hovertext', 'hovertemplate', 'textposition', 'insidetextanchor', 'textangle', 'textfont', 'insidetextfont', 'outsidetextfont', 'constraintext', 'cliponaxis', 'orientation', 'base', 'offset', 'width', 'marker', 'offsetgroup', 'alignmentgroup', 'selected', 'unselected', 'r', 't', '_deprecated', 'error_x', 'error_y', 'xcalendar', 'ycalendar', 'xaxis', 'yaxis', 'idssrc', 'customdatasrc', 'metasrc', 'hoverinfosrc', 'xsrc', 'ysrc', 'textsrc', 'hovertextsrc', 'hovertemplatesrc', 'textpositionsrc', 'basesrc', 'offsetsrc', 'widthsrc', 'rsrc', 'tsrc', 'key', 'set', 'frame', 'transforms', '_isNestedKey', '_isSimpleKey', '_isGraticule', '_bbox'

Warning: 'bar' objects don't have these attributes: 'line'
Valid attributes include:
'type', 'visible', 'showlegend', 'legendgroup', 'opacity', 'name', 'uid', 'ids', 'customdata', 'meta', 'selectedpoints', 'hoverinfo', 'hoverlabel', 'stream', 'transforms', 'uirevision', 'x', 'x0', 'dx', 'y', 'y0', 'dy', 'text', 'hovertext', 'hovertemplate', 'textposition', 'insidetextanchor', 'textangle', 'textfont', 'insidetextfont', 'outsidetextfont', 'constraintext', 'cliponaxis', 'orientation', 'base', 'offset', 'width', 'marker', 'offsetgroup', 'alignmentgroup', 'selected', 'unselected', 'r', 't', '_deprecated', 'error_x', 'error_y', 'xcalendar', 'ycalendar', 'xaxis', 'yaxis', 'idssrc', 'customdatasrc', 'metasrc', 'hoverinfosrc', 'xsrc', 'ysrc', 'textsrc', 'hovertextsrc', 'hovertemplatesrc', 'textpositionsrc', 'basesrc', 'offsetsrc', 'widthsrc', 'rsrc', 'tsrc', 'key', 'set', 'frame', 'transforms', '_isNestedKey', '_isSimpleKey', '_isGraticule', '_bbox'

Warning: 'bar' objects don't have these attributes: 'line'
Valid attributes include:
'type', 'visible', 'showlegend', 'legendgroup', 'opacity', 'name', 'uid', 'ids', 'customdata', 'meta', 'selectedpoints', 'hoverinfo', 'hoverlabel', 'stream', 'transforms', 'uirevision', 'x', 'x0', 'dx', 'y', 'y0', 'dy', 'text', 'hovertext', 'hovertemplate', 'textposition', 'insidetextanchor', 'textangle', 'textfont', 'insidetextfont', 'outsidetextfont', 'constraintext', 'cliponaxis', 'orientation', 'base', 'offset', 'width', 'marker', 'offsetgroup', 'alignmentgroup', 'selected', 'unselected', 'r', 't', '_deprecated', 'error_x', 'error_y', 'xcalendar', 'ycalendar', 'xaxis', 'yaxis', 'idssrc', 'customdatasrc', 'metasrc', 'hoverinfosrc', 'xsrc', 'ysrc', 'textsrc', 'hovertextsrc', 'hovertemplatesrc', 'textpositionsrc', 'basesrc', 'offsetsrc', 'widthsrc', 'rsrc', 'tsrc', 'key', 'set', 'frame', 'transforms', '_isNestedKey', '_isSimpleKey', '_isGraticule', '_bbox'

Warning: 'bar' objects don't have these attributes: 'line'
Valid attributes include:
'type', 'visible', 'showlegend', 'legendgroup', 'opacity', 'name', 'uid', 'ids', 'customdata', 'meta', 'selectedpoints', 'hoverinfo', 'hoverlabel', 'stream', 'transforms', 'uirevision', 'x', 'x0', 'dx', 'y', 'y0', 'dy', 'text', 'hovertext', 'hovertemplate', 'textposition', 'insidetextanchor', 'textangle', 'textfont', 'insidetextfont', 'outsidetextfont', 'constraintext', 'cliponaxis', 'orientation', 'base', 'offset', 'width', 'marker', 'offsetgroup', 'alignmentgroup', 'selected', 'unselected', 'r', 't', '_deprecated', 'error_x', 'error_y', 'xcalendar', 'ycalendar', 'xaxis', 'yaxis', 'idssrc', 'customdatasrc', 'metasrc', 'hoverinfosrc', 'xsrc', 'ysrc', 'textsrc', 'hovertextsrc', 'hovertemplatesrc', 'textpositionsrc', 'basesrc', 'offsetsrc', 'widthsrc', 'rsrc', 'tsrc', 'key', 'set', 'frame', 'transforms', '_isNestedKey', '_isSimpleKey', '_isGraticule', '_bbox'

Warning: 'bar' objects don't have these attributes: 'line'
Valid attributes include:
'type', 'visible', 'showlegend', 'legendgroup', 'opacity', 'name', 'uid', 'ids', 'customdata', 'meta', 'selectedpoints', 'hoverinfo', 'hoverlabel', 'stream', 'transforms', 'uirevision', 'x', 'x0', 'dx', 'y', 'y0', 'dy', 'text', 'hovertext', 'hovertemplate', 'textposition', 'insidetextanchor', 'textangle', 'textfont', 'insidetextfont', 'outsidetextfont', 'constraintext', 'cliponaxis', 'orientation', 'base', 'offset', 'width', 'marker', 'offsetgroup', 'alignmentgroup', 'selected', 'unselected', 'r', 't', '_deprecated', 'error_x', 'error_y', 'xcalendar', 'ycalendar', 'xaxis', 'yaxis', 'idssrc', 'customdatasrc', 'metasrc', 'hoverinfosrc', 'xsrc', 'ysrc', 'textsrc', 'hovertextsrc', 'hovertemplatesrc', 'textpositionsrc', 'basesrc', 'offsetsrc', 'widthsrc', 'rsrc', 'tsrc', 'key', 'set', 'frame', 'transforms', '_isNestedKey', '_isSimpleKey', '_isGraticule', '_bbox'



Execution halted

